mode: set
backend/internal/vector/store.go:21.62,26.2 4 1
backend/internal/vector/store.go:28.46,30.16 2 1
backend/internal/vector/store.go:35.2,36.29 2 1
backend/internal/vector/store.go:40.2,40.20 1 1
backend/internal/vector/store.go:30.16,33.3 2 0
backend/internal/vector/store.go:36.29,38.3 1 1
backend/internal/vector/store.go:43.49,45.2 1 1
backend/internal/vector/store.go:47.63,49.16 2 1
backend/internal/vector/store.go:53.2,56.16 3 1
backend/internal/vector/store.go:60.2,61.16 2 1
backend/internal/vector/store.go:65.2,70.12 4 1
backend/internal/vector/store.go:49.16,51.3 1 0
backend/internal/vector/store.go:56.16,58.3 1 0
backend/internal/vector/store.go:61.16,63.3 1 0
backend/internal/vector/handlers.go:18.75,21.33 2 1
backend/internal/vector/handlers.go:25.2,25.33 1 1
backend/internal/vector/handlers.go:29.2,29.17 1 1
backend/internal/vector/handlers.go:21.33,23.3 1 1
backend/internal/vector/handlers.go:25.33,27.3 1 1
backend/internal/vector/handlers.go:32.73,33.67 1 1
backend/internal/vector/handlers.go:37.2,37.23 1 1
backend/internal/vector/handlers.go:33.67,35.3 1 1
backend/internal/vector/handlers.go:40.73,42.16 2 1
backend/internal/vector/handlers.go:46.2,46.39 1 1
backend/internal/vector/handlers.go:42.16,44.3 1 1
backend/internal/vector/handlers.go:49.70,50.53 1 1
backend/internal/vector/handlers.go:50.53,53.3 2 1
backend/internal/vector/handlers.go:53.8,55.3 1 0
backend/internal/vector/handlers.go:58.63,59.19 1 1
backend/internal/vector/handlers.go:63.2,64.65 2 1
backend/internal/vector/handlers.go:68.2,68.22 1 1
backend/internal/vector/handlers.go:59.19,61.3 1 1
backend/internal/vector/handlers.go:64.65,66.3 1 1
backend/internal/vector/handlers.go:71.52,72.54 1 1
backend/internal/vector/handlers.go:72.54,74.17 2 1
backend/internal/vector/handlers.go:80.3,82.33 2 1
backend/internal/vector/handlers.go:74.17,78.4 3 1
backend/internal/vector/handlers.go:86.51,87.54 1 1
backend/internal/vector/handlers.go:87.54,89.32 2 1
backend/internal/vector/handlers.go:89.32,91.4 1 1
backend/internal/vector/handlers.go:91.9,94.4 2 1
backend/internal/vector/handlers.go:98.63,102.16 3 1
backend/internal/vector/handlers.go:108.2,109.16 2 1
backend/internal/vector/handlers.go:115.2,117.37 3 1
backend/internal/vector/handlers.go:102.16,106.3 3 1
backend/internal/vector/handlers.go:109.16,113.3 3 0
backend/internal/vector/mockstore.go:15.53,17.2 1 0
backend/internal/vector/mockstore.go:19.62,20.32 1 0
backend/internal/vector/mockstore.go:20.32,22.3 1 0
backend/internal/vector/mockstore.go:22.8,24.3 1 0
backend/internal/vector/mockstore.go:27.67,28.32 1 1
backend/internal/vector/mockstore.go:28.32,30.3 1 1
backend/internal/vector/mockstore.go:30.8,32.3 1 1
backend/internal/vector/mockstore.go:35.54,36.32 1 1
backend/internal/vector/mockstore.go:36.32,38.3 1 1
backend/internal/vector/mockstore.go:38.8,40.3 1 1
backend/internal/vector/server.go:13.37,25.2 8 0
backend/internal/vector/server.go:27.55,41.2 3 0
